<?xml version="1.0" encoding="UTF-8"?>
<!-- Generated by org.testng.reporters.JUnitReportReporter -->
<testsuite hostname="DESKTOP-7IVDP17" name="testRunner.Runner" tests="1" failures="0" timestamp="28 Apr 2020 07:24:30 GMT" time="11.350" errors="0">
  <testcase name="feature" time="11.350" classname="testRunner.Runner"/>
</testsuite> <!-- testRunner.Runner -->
