<?xml version="1.0" encoding="UTF-8"?>
<!-- Generated by org.testng.reporters.JUnitReportReporter -->
<testsuite hostname="DESKTOP-7IVDP17" name="testRunner.Runner" tests="1" failures="0" timestamp="27 Apr 2020 13:41:23 GMT" time="36.889" errors="0">
  <testcase name="feature" time="36.889" classname="testRunner.Runner"/>
</testsuite> <!-- testRunner.Runner -->
